==============================================================================
Suites                                                                        
==============================================================================
Suites.AddPhoneTest                                                           
==============================================================================
Test Click One Phone                                                  | PASS |
------------------------------------------------------------------------------
Add One Phone Successfully                                            | PASS |
------------------------------------------------------------------------------
Verify Phone Added To Cart Successfully                               
Samsung galaxy s6
360
Delete
| PASS |
------------------------------------------------------------------------------
Suites.AddPhoneTest                                                   | PASS |
3 tests, 3 passed, 0 failed
==============================================================================
Suites                                                                | PASS |
3 tests, 3 passed, 0 failed
==============================================================================
Output:  C:\Users\jinjh\PycharmProjects\RobotProject\pabot_results\1\output.xml
