==============================================================================
Suites                                                                        
==============================================================================
Suites.AddLatopTest                                                           
==============================================================================
Test Click One Latop                                                  | PASS |
------------------------------------------------------------------------------
Add Laptop Successfully                                               | PASS |
------------------------------------------------------------------------------
Verify Laptop Added To Cart Successfully                              
Sony vaio i5
790
Delete
| PASS |
------------------------------------------------------------------------------
Suites.AddLatopTest                                                   | PASS |
3 tests, 3 passed, 0 failed
==============================================================================
Suites                                                                | PASS |
3 tests, 3 passed, 0 failed
==============================================================================
Output:  C:\Users\jinjh\PycharmProjects\RobotProject\pabot_results\0\output.xml
